
*** Running vivado
    with args -log system_wrapper.vdi -applog -m64 -product Vivado -messageDb vivado.pb -mode batch -source system_wrapper.tcl -notrace


****** Vivado v2018.1 (64-bit)
  **** SW Build 2188600 on Wed Apr  4 18:39:19 MDT 2018
  **** IP Build 2185939 on Wed Apr  4 20:55:05 MDT 2018
    ** Copyright 1986-2018 Xilinx, Inc. All Rights Reserved.

source system_wrapper.tcl -notrace
INFO: [IP_Flow 19-234] Refreshing IP repositories
INFO: [IP_Flow 19-1700] Loaded user IP repository '/home/lorsi/Desktop/sinewave_generator_ip/ip_sinewave_gen_peripheral'.
INFO: [IP_Flow 19-2313] Loaded Vivado IP repository '/opt/Xilinx/Vivado/2018.1/data/ip'.
Command: link_design -top system_wrapper -part xc7z010clg400-1
Design is defaulting to srcset: sources_1
Design is defaulting to constrset: constrs_1
INFO: [Project 1-454] Reading design checkpoint '/home/lorsi/Desktop/sinewave_generator_ip/sinewave_generator_ip.srcs/sources_1/bd/system/ip/system_ila_0_0/system_ila_0_0.dcp' for cell 'system_i/ila_0'
INFO: [Project 1-454] Reading design checkpoint '/home/lorsi/Desktop/sinewave_generator_ip/sinewave_generator_ip.srcs/sources_1/bd/system/ip/system_processing_system7_0_0/system_processing_system7_0_0.dcp' for cell 'system_i/processing_system7_0'
INFO: [Project 1-454] Reading design checkpoint '/home/lorsi/Desktop/sinewave_generator_ip/sinewave_generator_ip.srcs/sources_1/bd/system/ip/system_rst_ps7_0_100M_0/system_rst_ps7_0_100M_0.dcp' for cell 'system_i/rst_ps7_0_100M'
INFO: [Project 1-454] Reading design checkpoint '/home/lorsi/Desktop/sinewave_generator_ip/sinewave_generator_ip.srcs/sources_1/bd/system/ip/system_sinewave_gen_periphe_0_0/system_sinewave_gen_periphe_0_0.dcp' for cell 'system_i/sinewave_gen_ip'
INFO: [Project 1-454] Reading design checkpoint '/home/lorsi/Desktop/sinewave_generator_ip/sinewave_generator_ip.srcs/sources_1/bd/system/ip/system_auto_pc_0/system_auto_pc_0.dcp' for cell 'system_i/ps7_0_axi_periph/s00_couplers/auto_pc'
INFO: [Netlist 29-17] Analyzing 120 Unisim elements for replacement
INFO: [Netlist 29-28] Unisim Transformation completed in 0 CPU seconds
INFO: [Project 1-479] Netlist was created with Vivado 2018.1
INFO: [Device 21-403] Loading part xc7z010clg400-1
INFO: [Project 1-570] Preparing netlist for logic optimization
INFO: [Chipscope 16-324] Core: system_i/ila_0 UUID: 5abab766-aba0-516d-aad8-c91aeedbf1fd 
Parsing XDC File [/home/lorsi/Desktop/sinewave_generator_ip/sinewave_generator_ip.srcs/sources_1/bd/system/ip/system_processing_system7_0_0/system_processing_system7_0_0.xdc] for cell 'system_i/processing_system7_0/inst'
Finished Parsing XDC File [/home/lorsi/Desktop/sinewave_generator_ip/sinewave_generator_ip.srcs/sources_1/bd/system/ip/system_processing_system7_0_0/system_processing_system7_0_0.xdc] for cell 'system_i/processing_system7_0/inst'
Parsing XDC File [/home/lorsi/Desktop/sinewave_generator_ip/sinewave_generator_ip.srcs/sources_1/bd/system/ip/system_rst_ps7_0_100M_0/system_rst_ps7_0_100M_0_board.xdc] for cell 'system_i/rst_ps7_0_100M/U0'
Finished Parsing XDC File [/home/lorsi/Desktop/sinewave_generator_ip/sinewave_generator_ip.srcs/sources_1/bd/system/ip/system_rst_ps7_0_100M_0/system_rst_ps7_0_100M_0_board.xdc] for cell 'system_i/rst_ps7_0_100M/U0'
Parsing XDC File [/home/lorsi/Desktop/sinewave_generator_ip/sinewave_generator_ip.srcs/sources_1/bd/system/ip/system_rst_ps7_0_100M_0/system_rst_ps7_0_100M_0.xdc] for cell 'system_i/rst_ps7_0_100M/U0'
Finished Parsing XDC File [/home/lorsi/Desktop/sinewave_generator_ip/sinewave_generator_ip.srcs/sources_1/bd/system/ip/system_rst_ps7_0_100M_0/system_rst_ps7_0_100M_0.xdc] for cell 'system_i/rst_ps7_0_100M/U0'
Parsing XDC File [/home/lorsi/Desktop/sinewave_generator_ip/sinewave_generator_ip.srcs/sources_1/bd/system/ip/system_ila_0_0/ila_v6_2/constraints/ila_impl.xdc] for cell 'system_i/ila_0/U0'
Finished Parsing XDC File [/home/lorsi/Desktop/sinewave_generator_ip/sinewave_generator_ip.srcs/sources_1/bd/system/ip/system_ila_0_0/ila_v6_2/constraints/ila_impl.xdc] for cell 'system_i/ila_0/U0'
Parsing XDC File [/home/lorsi/Desktop/sinewave_generator_ip/sinewave_generator_ip.srcs/sources_1/bd/system/ip/system_ila_0_0/ila_v6_2/constraints/ila.xdc] for cell 'system_i/ila_0/U0'
Finished Parsing XDC File [/home/lorsi/Desktop/sinewave_generator_ip/sinewave_generator_ip.srcs/sources_1/bd/system/ip/system_ila_0_0/ila_v6_2/constraints/ila.xdc] for cell 'system_i/ila_0/U0'
Parsing XDC File [/home/lorsi/Desktop/sinewave_generator_ip/sinewave_generator_ip.srcs/constrs_1/imports/contraints/Arty-Z7-10-Master.xdc]
Finished Parsing XDC File [/home/lorsi/Desktop/sinewave_generator_ip/sinewave_generator_ip.srcs/constrs_1/imports/contraints/Arty-Z7-10-Master.xdc]
INFO: [Opt 31-138] Pushed 0 inverter(s) to 0 load pin(s).
INFO: [Project 1-111] Unisim Transformation Summary:
  A total of 32 instances were transformed.
  CFGLUT5 => CFGLUT5 (SRLC32E, SRL16E): 32 instances

16 Infos, 0 Warnings, 0 Critical Warnings and 0 Errors encountered.
link_design completed successfully
link_design: Time (s): cpu = 00:00:12 ; elapsed = 00:00:23 . Memory (MB): peak = 1662.785 ; gain = 451.641 ; free physical = 14247 ; free virtual = 20790
Command: opt_design
Attempting to get a license for feature 'Implementation' and/or device 'xc7z010'
INFO: [Common 17-349] Got license for feature 'Implementation' and/or device 'xc7z010'
Running DRC as a precondition to command opt_design

Starting DRC Task
INFO: [DRC 23-27] Running DRC with 8 threads
INFO: [Project 1-461] DRC finished with 0 Errors
INFO: [Project 1-462] Please refer to the DRC report (report_drc) for more information.

Time (s): cpu = 00:00:01 ; elapsed = 00:00:01 . Memory (MB): peak = 1662.785 ; gain = 0.000 ; free physical = 14248 ; free virtual = 20787
INFO: [Timing 38-35] Done setting XDC timing constraints.

Starting Logic Optimization Task

Phase 1 Generate And Synthesize Debug Cores
INFO: [Chipscope 16-329] Generating Script for core instance : dbg_hub 
INFO: [IP_Flow 19-3806] Processing IP xilinx.com:ip:xsdbm:3.0 for cell dbg_hub_CV.
INFO: [Chipscope 16-220] Re-using generated and synthesized IP, "xilinx.com:ip:xsdbm:3.0", from Vivado IP cache entry "195308725b931ea1".
Netlist sorting complete. Time (s): cpu = 00:00:00.01 ; elapsed = 00:00:00.01 . Memory (MB): peak = 2103.398 ; gain = 0.000 ; free physical = 13783 ; free virtual = 20315
Phase 1 Generate And Synthesize Debug Cores | Checksum: 1a51e392e

Time (s): cpu = 00:00:17 ; elapsed = 00:00:28 . Memory (MB): peak = 2104.398 ; gain = 20.070 ; free physical = 13783 ; free virtual = 20315

Phase 2 Retarget
INFO: [Opt 31-138] Pushed 0 inverter(s) to 0 load pin(s).
INFO: [Opt 31-49] Retargeted 0 cell(s).
Phase 2 Retarget | Checksum: 15be3c3fc

Time (s): cpu = 00:00:17 ; elapsed = 00:00:28 . Memory (MB): peak = 2104.398 ; gain = 20.070 ; free physical = 13786 ; free virtual = 20318
INFO: [Opt 31-389] Phase Retarget created 0 cells and removed 0 cells

Phase 3 Constant propagation
INFO: [Opt 31-138] Pushed 0 inverter(s) to 0 load pin(s).
Phase 3 Constant propagation | Checksum: 21e8a507f

Time (s): cpu = 00:00:17 ; elapsed = 00:00:28 . Memory (MB): peak = 2104.398 ; gain = 20.070 ; free physical = 13786 ; free virtual = 20318
INFO: [Opt 31-389] Phase Constant propagation created 0 cells and removed 24 cells

Phase 4 Sweep
Phase 4 Sweep | Checksum: 180815fba

Time (s): cpu = 00:00:18 ; elapsed = 00:00:28 . Memory (MB): peak = 2104.398 ; gain = 20.070 ; free physical = 13786 ; free virtual = 20318
INFO: [Opt 31-389] Phase Sweep created 0 cells and removed 451 cells

Phase 5 BUFG optimization
Phase 5 BUFG optimization | Checksum: 180815fba

Time (s): cpu = 00:00:18 ; elapsed = 00:00:28 . Memory (MB): peak = 2104.398 ; gain = 20.070 ; free physical = 13786 ; free virtual = 20318
INFO: [Opt 31-389] Phase BUFG optimization created 0 cells and removed 0 cells

Phase 6 Shift Register Optimization
Phase 6 Shift Register Optimization | Checksum: 180815fba

Time (s): cpu = 00:00:18 ; elapsed = 00:00:28 . Memory (MB): peak = 2104.398 ; gain = 20.070 ; free physical = 13786 ; free virtual = 20318
INFO: [Opt 31-389] Phase Shift Register Optimization created 0 cells and removed 0 cells

Phase 7 Post Processing Netlist
Phase 7 Post Processing Netlist | Checksum: 180815fba

Time (s): cpu = 00:00:18 ; elapsed = 00:00:28 . Memory (MB): peak = 2104.398 ; gain = 20.070 ; free physical = 13786 ; free virtual = 20318
INFO: [Opt 31-389] Phase Post Processing Netlist created 0 cells and removed 0 cells

Starting Connectivity Check Task

Time (s): cpu = 00:00:00 ; elapsed = 00:00:00.01 . Memory (MB): peak = 2104.398 ; gain = 0.000 ; free physical = 13786 ; free virtual = 20318
Ending Logic Optimization Task | Checksum: 180815fba

Time (s): cpu = 00:00:18 ; elapsed = 00:00:28 . Memory (MB): peak = 2104.398 ; gain = 20.070 ; free physical = 13786 ; free virtual = 20318

Starting Power Optimization Task
INFO: [Pwropt 34-132] Skipping clock gating for clocks with a period < 2.00 ns.
INFO: [Timing 38-35] Done setting XDC timing constraints.
INFO: [Pwropt 34-9] Applying IDT optimizations ...
INFO: [Pwropt 34-10] Applying ODC optimizations ...
INFO: [Physopt 32-619] Estimated Timing Summary | WNS=4.740 | TNS=0.000 |
Running Vector-less Activity Propagation...

Finished Running Vector-less Activity Propagation


Starting PowerOpt Patch Enables Task
INFO: [Pwropt 34-162] WRITE_MODE attribute of 0 BRAM(s) out of a total of 1 has been updated to save power. Run report_power_opt to get a complete listing of the BRAMs updated.
INFO: [Pwropt 34-201] Structural ODC has moved 0 WE to EN ports
Number of BRAM Ports augmented: 1 newly gated: 0 Total Ports: 2
Ending PowerOpt Patch Enables Task | Checksum: 18aa8cb01

Time (s): cpu = 00:00:00.02 ; elapsed = 00:00:00.02 . Memory (MB): peak = 2464.801 ; gain = 0.000 ; free physical = 13773 ; free virtual = 20306
Ending Power Optimization Task | Checksum: 18aa8cb01

Time (s): cpu = 00:00:02 ; elapsed = 00:00:00.96 . Memory (MB): peak = 2464.801 ; gain = 360.402 ; free physical = 13780 ; free virtual = 20313
INFO: [Common 17-83] Releasing license: Implementation
44 Infos, 0 Warnings, 0 Critical Warnings and 0 Errors encountered.
opt_design completed successfully
opt_design: Time (s): cpu = 00:00:31 ; elapsed = 00:00:49 . Memory (MB): peak = 2464.801 ; gain = 802.016 ; free physical = 13780 ; free virtual = 20313
INFO: [Timing 38-480] Writing timing data to binary archive.
Writing placer database...
Writing XDEF routing.
Writing XDEF routing logical nets.
Writing XDEF routing special nets.
Write XDEF Complete: Time (s): cpu = 00:00:00.09 ; elapsed = 00:00:00.03 . Memory (MB): peak = 2464.801 ; gain = 0.000 ; free physical = 13776 ; free virtual = 20312
INFO: [Common 17-1381] The checkpoint '/home/lorsi/Desktop/sinewave_generator_ip/sinewave_generator_ip.runs/impl_1/system_wrapper_opt.dcp' has been generated.
INFO: [runtcl-4] Executing : report_drc -file system_wrapper_drc_opted.rpt -pb system_wrapper_drc_opted.pb -rpx system_wrapper_drc_opted.rpx
Command: report_drc -file system_wrapper_drc_opted.rpt -pb system_wrapper_drc_opted.pb -rpx system_wrapper_drc_opted.rpx
INFO: [IP_Flow 19-1839] IP Catalog is up to date.
INFO: [DRC 23-27] Running DRC with 8 threads
INFO: [Coretcl 2-168] The results of DRC are in file /home/lorsi/Desktop/sinewave_generator_ip/sinewave_generator_ip.runs/impl_1/system_wrapper_drc_opted.rpt.
report_drc completed successfully
INFO: [Chipscope 16-240] Debug cores have already been implemented
Command: place_design
Attempting to get a license for feature 'Implementation' and/or device 'xc7z010'
INFO: [Common 17-349] Got license for feature 'Implementation' and/or device 'xc7z010'
INFO: [DRC 23-27] Running DRC with 8 threads
INFO: [Vivado_Tcl 4-198] DRC finished with 0 Errors
INFO: [Vivado_Tcl 4-199] Please refer to the DRC report (report_drc) for more information.
Running DRC as a precondition to command place_design
INFO: [DRC 23-27] Running DRC with 8 threads
INFO: [Vivado_Tcl 4-198] DRC finished with 0 Errors
INFO: [Vivado_Tcl 4-199] Please refer to the DRC report (report_drc) for more information.

Starting Placer Task
INFO: [Place 30-611] Multithreading enabled for place_design using a maximum of 8 CPUs

Phase 1 Placer Initialization

Phase 1.1 Placer Initialization Netlist Sorting
Netlist sorting complete. Time (s): cpu = 00:00:00.01 ; elapsed = 00:00:00.01 . Memory (MB): peak = 2464.801 ; gain = 0.000 ; free physical = 13765 ; free virtual = 20279
Phase 1.1 Placer Initialization Netlist Sorting | Checksum: 11725998e

Time (s): cpu = 00:00:00.02 ; elapsed = 00:00:00.05 . Memory (MB): peak = 2464.801 ; gain = 0.000 ; free physical = 13765 ; free virtual = 20279
INFO: [Timing 38-35] Done setting XDC timing constraints.
INFO: [Opt 31-138] Pushed 0 inverter(s) to 0 load pin(s).
Netlist sorting complete. Time (s): cpu = 00:00:00.01 ; elapsed = 00:00:00.01 . Memory (MB): peak = 2464.801 ; gain = 0.000 ; free physical = 13784 ; free virtual = 20290

Phase 1.2 IO Placement/ Clock Placement/ Build Placer Device
INFO: [Timing 38-35] Done setting XDC timing constraints.
Phase 1.2 IO Placement/ Clock Placement/ Build Placer Device | Checksum: ef599743

Time (s): cpu = 00:00:02 ; elapsed = 00:00:02 . Memory (MB): peak = 2464.801 ; gain = 0.000 ; free physical = 13806 ; free virtual = 20297

Phase 1.3 Build Placer Netlist Model
Phase 1.3 Build Placer Netlist Model | Checksum: 1c8c252ed

Time (s): cpu = 00:00:04 ; elapsed = 00:00:03 . Memory (MB): peak = 2464.801 ; gain = 0.000 ; free physical = 13794 ; free virtual = 20284

Phase 1.4 Constrain Clocks/Macros
Phase 1.4 Constrain Clocks/Macros | Checksum: 1c8c252ed

Time (s): cpu = 00:00:04 ; elapsed = 00:00:03 . Memory (MB): peak = 2464.801 ; gain = 0.000 ; free physical = 13794 ; free virtual = 20284
Phase 1 Placer Initialization | Checksum: 1c8c252ed

Time (s): cpu = 00:00:04 ; elapsed = 00:00:03 . Memory (MB): peak = 2464.801 ; gain = 0.000 ; free physical = 13794 ; free virtual = 20284

Phase 2 Global Placement
Phase 2 Global Placement | Checksum: 1f9643ccc

Time (s): cpu = 00:00:20 ; elapsed = 00:00:06 . Memory (MB): peak = 2472.805 ; gain = 8.004 ; free physical = 13680 ; free virtual = 20227

Phase 3 Detail Placement

Phase 3.1 Commit Multi Column Macros
Phase 3.1 Commit Multi Column Macros | Checksum: 1f9643ccc

Time (s): cpu = 00:00:20 ; elapsed = 00:00:06 . Memory (MB): peak = 2472.805 ; gain = 8.004 ; free physical = 13679 ; free virtual = 20226

Phase 3.2 Commit Most Macros & LUTRAMs
Phase 3.2 Commit Most Macros & LUTRAMs | Checksum: 184ebb54d

Time (s): cpu = 00:00:21 ; elapsed = 00:00:06 . Memory (MB): peak = 2472.805 ; gain = 8.004 ; free physical = 13670 ; free virtual = 20218

Phase 3.3 Area Swap Optimization
Phase 3.3 Area Swap Optimization | Checksum: 182caeb42

Time (s): cpu = 00:00:22 ; elapsed = 00:00:06 . Memory (MB): peak = 2472.805 ; gain = 8.004 ; free physical = 13670 ; free virtual = 20218

Phase 3.4 Pipeline Register Optimization
Phase 3.4 Pipeline Register Optimization | Checksum: 1835d4e69

Time (s): cpu = 00:00:22 ; elapsed = 00:00:06 . Memory (MB): peak = 2472.805 ; gain = 8.004 ; free physical = 13670 ; free virtual = 20218

Phase 3.5 Small Shape Detail Placement
Phase 3.5 Small Shape Detail Placement | Checksum: 202aeed58

Time (s): cpu = 00:00:23 ; elapsed = 00:00:07 . Memory (MB): peak = 2472.805 ; gain = 8.004 ; free physical = 13676 ; free virtual = 20213

Phase 3.6 Re-assign LUT pins
Phase 3.6 Re-assign LUT pins | Checksum: 21c3fe178

Time (s): cpu = 00:00:23 ; elapsed = 00:00:07 . Memory (MB): peak = 2472.805 ; gain = 8.004 ; free physical = 13677 ; free virtual = 20214

Phase 3.7 Pipeline Register Optimization
Phase 3.7 Pipeline Register Optimization | Checksum: 21c3fe178

Time (s): cpu = 00:00:23 ; elapsed = 00:00:07 . Memory (MB): peak = 2472.805 ; gain = 8.004 ; free physical = 13677 ; free virtual = 20214
Phase 3 Detail Placement | Checksum: 21c3fe178

Time (s): cpu = 00:00:23 ; elapsed = 00:00:07 . Memory (MB): peak = 2472.805 ; gain = 8.004 ; free physical = 13677 ; free virtual = 20214

Phase 4 Post Placement Optimization and Clean-Up

Phase 4.1 Post Commit Optimization
INFO: [Timing 38-35] Done setting XDC timing constraints.

Phase 4.1.1 Post Placement Optimization
Post Placement Optimization Initialization | Checksum: 133a1c4a5

Phase 4.1.1.1 BUFG Insertion
INFO: [Physopt 32-721] Multithreading enabled for phys_opt_design using a maximum of 8 CPUs
INFO: [Place 46-31] BUFG insertion identified 0 candidate nets, 0 success, 0 skipped for placement/routing, 0 skipped for timing, 0 skipped for netlist change reason.
Phase 4.1.1.1 BUFG Insertion | Checksum: 133a1c4a5

Time (s): cpu = 00:00:24 ; elapsed = 00:00:08 . Memory (MB): peak = 2472.805 ; gain = 8.004 ; free physical = 13677 ; free virtual = 20215
INFO: [Place 30-746] Post Placement Timing Summary WNS=4.180. For the most accurate timing information please run report_timing.
Phase 4.1.1 Post Placement Optimization | Checksum: 116c8bf3d

Time (s): cpu = 00:00:24 ; elapsed = 00:00:08 . Memory (MB): peak = 2472.805 ; gain = 8.004 ; free physical = 13677 ; free virtual = 20215
Phase 4.1 Post Commit Optimization | Checksum: 116c8bf3d

Time (s): cpu = 00:00:24 ; elapsed = 00:00:08 . Memory (MB): peak = 2472.805 ; gain = 8.004 ; free physical = 13677 ; free virtual = 20215

Phase 4.2 Post Placement Cleanup
Phase 4.2 Post Placement Cleanup | Checksum: 116c8bf3d

Time (s): cpu = 00:00:25 ; elapsed = 00:00:08 . Memory (MB): peak = 2472.805 ; gain = 8.004 ; free physical = 13676 ; free virtual = 20214

Phase 4.3 Placer Reporting
Phase 4.3 Placer Reporting | Checksum: 116c8bf3d

Time (s): cpu = 00:00:25 ; elapsed = 00:00:08 . Memory (MB): peak = 2472.805 ; gain = 8.004 ; free physical = 13676 ; free virtual = 20214

Phase 4.4 Final Placement Cleanup
Phase 4.4 Final Placement Cleanup | Checksum: 1a20c2ad8

Time (s): cpu = 00:00:25 ; elapsed = 00:00:08 . Memory (MB): peak = 2472.805 ; gain = 8.004 ; free physical = 13676 ; free virtual = 20214
Phase 4 Post Placement Optimization and Clean-Up | Checksum: 1a20c2ad8

Time (s): cpu = 00:00:25 ; elapsed = 00:00:08 . Memory (MB): peak = 2472.805 ; gain = 8.004 ; free physical = 13686 ; free virtual = 20225
Ending Placer Task | Checksum: 19fdd6782

Time (s): cpu = 00:00:25 ; elapsed = 00:00:08 . Memory (MB): peak = 2472.805 ; gain = 8.004 ; free physical = 13693 ; free virtual = 20231
INFO: [Common 17-83] Releasing license: Implementation
67 Infos, 0 Warnings, 0 Critical Warnings and 0 Errors encountered.
place_design completed successfully
place_design: Time (s): cpu = 00:00:27 ; elapsed = 00:00:10 . Memory (MB): peak = 2472.805 ; gain = 8.004 ; free physical = 13693 ; free virtual = 20231
INFO: [Timing 38-480] Writing timing data to binary archive.
Writing placer database...
Writing XDEF routing.
Writing XDEF routing logical nets.
Writing XDEF routing special nets.
Write XDEF Complete: Time (s): cpu = 00:00:00.74 ; elapsed = 00:00:00.22 . Memory (MB): peak = 2472.805 ; gain = 0.000 ; free physical = 13685 ; free virtual = 20230
INFO: [Common 17-1381] The checkpoint '/home/lorsi/Desktop/sinewave_generator_ip/sinewave_generator_ip.runs/impl_1/system_wrapper_placed.dcp' has been generated.
INFO: [runtcl-4] Executing : report_io -file system_wrapper_io_placed.rpt
report_io: Time (s): cpu = 00:00:00.10 ; elapsed = 00:00:00.14 . Memory (MB): peak = 2472.805 ; gain = 0.000 ; free physical = 13690 ; free virtual = 20230
INFO: [runtcl-4] Executing : report_utilization -file system_wrapper_utilization_placed.rpt -pb system_wrapper_utilization_placed.pb
report_utilization: Time (s): cpu = 00:00:00.07 ; elapsed = 00:00:00.11 . Memory (MB): peak = 2472.805 ; gain = 0.000 ; free physical = 13700 ; free virtual = 20240
INFO: [runtcl-4] Executing : report_control_sets -verbose -file system_wrapper_control_sets_placed.rpt
report_control_sets: Time (s): cpu = 00:00:00.05 ; elapsed = 00:00:00.09 . Memory (MB): peak = 2472.805 ; gain = 0.000 ; free physical = 13699 ; free virtual = 20239
Command: route_design
Attempting to get a license for feature 'Implementation' and/or device 'xc7z010'
INFO: [Common 17-349] Got license for feature 'Implementation' and/or device 'xc7z010'
Running DRC as a precondition to command route_design
INFO: [DRC 23-27] Running DRC with 8 threads
INFO: [Vivado_Tcl 4-198] DRC finished with 0 Errors
INFO: [Vivado_Tcl 4-199] Please refer to the DRC report (report_drc) for more information.


Starting Routing Task
INFO: [Route 35-254] Multithreading enabled for route_design using a maximum of 8 CPUs
Checksum: PlaceDB: effbea65 ConstDB: 0 ShapeSum: afe17d1d RouteDB: 0

Phase 1 Build RT Design
Phase 1 Build RT Design | Checksum: 173eb85de

Time (s): cpu = 00:00:09 ; elapsed = 00:00:07 . Memory (MB): peak = 2472.805 ; gain = 0.000 ; free physical = 13669 ; free virtual = 20208
Post Restoration Checksum: NetGraph: dbfd32cf NumContArr: 97ee530f Constraints: 0 Timing: 0

Phase 2 Router Initialization

Phase 2.1 Create Timer
Phase 2.1 Create Timer | Checksum: 173eb85de

Time (s): cpu = 00:00:09 ; elapsed = 00:00:07 . Memory (MB): peak = 2472.805 ; gain = 0.000 ; free physical = 13669 ; free virtual = 20208

Phase 2.2 Fix Topology Constraints
Phase 2.2 Fix Topology Constraints | Checksum: 173eb85de

Time (s): cpu = 00:00:09 ; elapsed = 00:00:07 . Memory (MB): peak = 2472.805 ; gain = 0.000 ; free physical = 13640 ; free virtual = 20179

Phase 2.3 Pre Route Cleanup
Phase 2.3 Pre Route Cleanup | Checksum: 173eb85de

Time (s): cpu = 00:00:09 ; elapsed = 00:00:07 . Memory (MB): peak = 2472.805 ; gain = 0.000 ; free physical = 13640 ; free virtual = 20179
 Number of Nodes with overlaps = 0

Phase 2.4 Update Timing
Phase 2.4 Update Timing | Checksum: 1c48d11c0

Time (s): cpu = 00:00:11 ; elapsed = 00:00:08 . Memory (MB): peak = 2472.805 ; gain = 0.000 ; free physical = 13633 ; free virtual = 20171
INFO: [Route 35-416] Intermediate Timing Summary | WNS=4.151  | TNS=0.000  | WHS=-0.240 | THS=-76.763|

Phase 2 Router Initialization | Checksum: 23a1160c4

Time (s): cpu = 00:00:11 ; elapsed = 00:00:08 . Memory (MB): peak = 2472.805 ; gain = 0.000 ; free physical = 13633 ; free virtual = 20172

Phase 3 Initial Routing
Phase 3 Initial Routing | Checksum: 1d1dbd9ef

Time (s): cpu = 00:00:13 ; elapsed = 00:00:08 . Memory (MB): peak = 2472.805 ; gain = 0.000 ; free physical = 13635 ; free virtual = 20174

Phase 4 Rip-up And Reroute

Phase 4.1 Global Iteration 0
 Number of Nodes with overlaps = 291
 Number of Nodes with overlaps = 11
 Number of Nodes with overlaps = 0
INFO: [Route 35-416] Intermediate Timing Summary | WNS=3.802  | TNS=0.000  | WHS=N/A    | THS=N/A    |

Phase 4.1 Global Iteration 0 | Checksum: 1bff8118e

Time (s): cpu = 00:00:18 ; elapsed = 00:00:09 . Memory (MB): peak = 2472.805 ; gain = 0.000 ; free physical = 13642 ; free virtual = 20172

Phase 4.2 Global Iteration 1
 Number of Nodes with overlaps = 0
INFO: [Route 35-416] Intermediate Timing Summary | WNS=3.802  | TNS=0.000  | WHS=N/A    | THS=N/A    |

Phase 4.2 Global Iteration 1 | Checksum: 135dae286

Time (s): cpu = 00:00:18 ; elapsed = 00:00:09 . Memory (MB): peak = 2472.805 ; gain = 0.000 ; free physical = 13642 ; free virtual = 20172
Phase 4 Rip-up And Reroute | Checksum: 135dae286

Time (s): cpu = 00:00:18 ; elapsed = 00:00:09 . Memory (MB): peak = 2472.805 ; gain = 0.000 ; free physical = 13642 ; free virtual = 20172

Phase 5 Delay and Skew Optimization

Phase 5.1 Delay CleanUp

Phase 5.1.1 Update Timing
Phase 5.1.1 Update Timing | Checksum: e376cd5f

Time (s): cpu = 00:00:19 ; elapsed = 00:00:09 . Memory (MB): peak = 2472.805 ; gain = 0.000 ; free physical = 13642 ; free virtual = 20172
INFO: [Route 35-416] Intermediate Timing Summary | WNS=3.917  | TNS=0.000  | WHS=N/A    | THS=N/A    |

Phase 5.1 Delay CleanUp | Checksum: e376cd5f

Time (s): cpu = 00:00:19 ; elapsed = 00:00:09 . Memory (MB): peak = 2472.805 ; gain = 0.000 ; free physical = 13642 ; free virtual = 20172

Phase 5.2 Clock Skew Optimization
Phase 5.2 Clock Skew Optimization | Checksum: e376cd5f

Time (s): cpu = 00:00:19 ; elapsed = 00:00:09 . Memory (MB): peak = 2472.805 ; gain = 0.000 ; free physical = 13642 ; free virtual = 20172
Phase 5 Delay and Skew Optimization | Checksum: e376cd5f

Time (s): cpu = 00:00:19 ; elapsed = 00:00:09 . Memory (MB): peak = 2472.805 ; gain = 0.000 ; free physical = 13642 ; free virtual = 20172

Phase 6 Post Hold Fix

Phase 6.1 Hold Fix Iter

Phase 6.1.1 Update Timing
Phase 6.1.1 Update Timing | Checksum: 133891445

Time (s): cpu = 00:00:19 ; elapsed = 00:00:09 . Memory (MB): peak = 2472.805 ; gain = 0.000 ; free physical = 13642 ; free virtual = 20172
INFO: [Route 35-416] Intermediate Timing Summary | WNS=3.917  | TNS=0.000  | WHS=0.010  | THS=0.000  |

Phase 6.1 Hold Fix Iter | Checksum: 187776a58

Time (s): cpu = 00:00:19 ; elapsed = 00:00:09 . Memory (MB): peak = 2472.805 ; gain = 0.000 ; free physical = 13642 ; free virtual = 20172
Phase 6 Post Hold Fix | Checksum: 187776a58

Time (s): cpu = 00:00:19 ; elapsed = 00:00:09 . Memory (MB): peak = 2472.805 ; gain = 0.000 ; free physical = 13642 ; free virtual = 20172

Phase 7 Route finalize

Router Utilization Summary
  Global Vertical Routing Utilization    = 1.09586 %
  Global Horizontal Routing Utilization  = 1.56158 %
  Routable Net Status*
  *Does not include unroutable nets such as driverless and loadless.
  Run report_route_status for detailed report.
  Number of Failed Nets               = 0
  Number of Unrouted Nets             = 0
  Number of Partially Routed Nets     = 0
  Number of Node Overlaps             = 0

Phase 7 Route finalize | Checksum: 11e6a7643

Time (s): cpu = 00:00:19 ; elapsed = 00:00:09 . Memory (MB): peak = 2472.805 ; gain = 0.000 ; free physical = 13642 ; free virtual = 20172

Phase 8 Verifying routed nets

 Verification completed successfully
Phase 8 Verifying routed nets | Checksum: 11e6a7643

Time (s): cpu = 00:00:19 ; elapsed = 00:00:09 . Memory (MB): peak = 2472.805 ; gain = 0.000 ; free physical = 13641 ; free virtual = 20171

Phase 9 Depositing Routes
Phase 9 Depositing Routes | Checksum: 1abc5f63e

Time (s): cpu = 00:00:19 ; elapsed = 00:00:09 . Memory (MB): peak = 2472.805 ; gain = 0.000 ; free physical = 13641 ; free virtual = 20171

Phase 10 Post Router Timing
INFO: [Route 35-57] Estimated Timing Summary | WNS=3.917  | TNS=0.000  | WHS=0.010  | THS=0.000  |

INFO: [Route 35-327] The final timing numbers are based on the router estimated timing analysis. For a complete and accurate timing signoff, please run report_timing_summary.
Phase 10 Post Router Timing | Checksum: 1abc5f63e

Time (s): cpu = 00:00:20 ; elapsed = 00:00:09 . Memory (MB): peak = 2472.805 ; gain = 0.000 ; free physical = 13641 ; free virtual = 20171
INFO: [Route 35-16] Router Completed Successfully

Time (s): cpu = 00:00:20 ; elapsed = 00:00:09 . Memory (MB): peak = 2472.805 ; gain = 0.000 ; free physical = 13672 ; free virtual = 20201

Routing Is Done.
INFO: [Common 17-83] Releasing license: Implementation
86 Infos, 0 Warnings, 0 Critical Warnings and 0 Errors encountered.
route_design completed successfully
route_design: Time (s): cpu = 00:00:22 ; elapsed = 00:00:11 . Memory (MB): peak = 2472.805 ; gain = 0.000 ; free physical = 13672 ; free virtual = 20201
INFO: [Timing 38-480] Writing timing data to binary archive.
Writing placer database...
Writing XDEF routing.
Writing XDEF routing logical nets.
Writing XDEF routing special nets.
Write XDEF Complete: Time (s): cpu = 00:00:00.76 ; elapsed = 00:00:00.23 . Memory (MB): peak = 2472.805 ; gain = 0.000 ; free physical = 13661 ; free virtual = 20199
INFO: [Common 17-1381] The checkpoint '/home/lorsi/Desktop/sinewave_generator_ip/sinewave_generator_ip.runs/impl_1/system_wrapper_routed.dcp' has been generated.
INFO: [runtcl-4] Executing : report_drc -file system_wrapper_drc_routed.rpt -pb system_wrapper_drc_routed.pb -rpx system_wrapper_drc_routed.rpx
Command: report_drc -file system_wrapper_drc_routed.rpt -pb system_wrapper_drc_routed.pb -rpx system_wrapper_drc_routed.rpx
INFO: [IP_Flow 19-1839] IP Catalog is up to date.
INFO: [DRC 23-27] Running DRC with 8 threads
INFO: [Coretcl 2-168] The results of DRC are in file /home/lorsi/Desktop/sinewave_generator_ip/sinewave_generator_ip.runs/impl_1/system_wrapper_drc_routed.rpt.
report_drc completed successfully
INFO: [runtcl-4] Executing : report_methodology -file system_wrapper_methodology_drc_routed.rpt -pb system_wrapper_methodology_drc_routed.pb -rpx system_wrapper_methodology_drc_routed.rpx
Command: report_methodology -file system_wrapper_methodology_drc_routed.rpt -pb system_wrapper_methodology_drc_routed.pb -rpx system_wrapper_methodology_drc_routed.rpx
INFO: [Timing 38-35] Done setting XDC timing constraints.
INFO: [Timing 38-35] Done setting XDC timing constraints.
INFO: [DRC 23-133] Running Methodology with 8 threads
INFO: [Coretcl 2-1520] The results of Report Methodology are in file /home/lorsi/Desktop/sinewave_generator_ip/sinewave_generator_ip.runs/impl_1/system_wrapper_methodology_drc_routed.rpt.
report_methodology completed successfully
INFO: [runtcl-4] Executing : report_power -file system_wrapper_power_routed.rpt -pb system_wrapper_power_summary_routed.pb -rpx system_wrapper_power_routed.rpx
Command: report_power -file system_wrapper_power_routed.rpt -pb system_wrapper_power_summary_routed.pb -rpx system_wrapper_power_routed.rpx
INFO: [Timing 38-35] Done setting XDC timing constraints.
Running Vector-less Activity Propagation...

Finished Running Vector-less Activity Propagation
99 Infos, 0 Warnings, 0 Critical Warnings and 0 Errors encountered.
report_power completed successfully
INFO: [runtcl-4] Executing : report_route_status -file system_wrapper_route_status.rpt -pb system_wrapper_route_status.pb
INFO: [runtcl-4] Executing : report_timing_summary -max_paths 10 -file system_wrapper_timing_summary_routed.rpt -pb system_wrapper_timing_summary_routed.pb -rpx system_wrapper_timing_summary_routed.rpx -warn_on_violation 
INFO: [Timing 38-91] UpdateTimingParams: Speed grade: -1, Delay Type: min_max, Timing Stage: Requireds.
INFO: [Timing 38-191] Multithreading enabled for timing update using a maximum of 8 CPUs
INFO: [runtcl-4] Executing : report_incremental_reuse -file system_wrapper_incremental_reuse_routed.rpt
INFO: [Vivado_Tcl 4-545] No incremental reuse to report, no incremental placement and routing data was found.
INFO: [runtcl-4] Executing : report_clock_utilization -file system_wrapper_clock_utilization_routed.rpt
INFO: [runtcl-4] Executing : report_bus_skew -warn_on_violation -file route_report_bus_skew_0.rpt -rpx route_report_bus_skew_0.rpx
INFO: [Timing 38-91] UpdateTimingParams: Speed grade: -1, Delay Type: min_max, Timing Stage: Requireds.
INFO: [Timing 38-191] Multithreading enabled for timing update using a maximum of 8 CPUs
Command: write_bitstream -force system_wrapper.bit
Attempting to get a license for feature 'Implementation' and/or device 'xc7z010'
INFO: [Common 17-349] Got license for feature 'Implementation' and/or device 'xc7z010'
Running DRC as a precondition to command write_bitstream
INFO: [IP_Flow 19-1839] IP Catalog is up to date.
INFO: [DRC 23-27] Running DRC with 8 threads
WARNING: [DRC RTSTAT-10] No routable loads: 21 net(s) have no routable loads. The problem bus(es) and/or net(s) are dbg_hub/inst/BSCANID.u_xsdbm_id/CORE_XSDB.UUT_MASTER/U_ICON_INTERFACE/U_CMD6_RD/U_RD_FIFO/SUBCORE_FIFO.xsdbm_v3_0_0_rdfifo_inst/inst_fifo_gen/gconvfifo.rf/grf.rf/gntv_or_sync_fifo.gl0.rd/gr1.gr1_int.rfwft/aempty_fwft_i, dbg_hub/inst/BSCANID.u_xsdbm_id/CORE_XSDB.UUT_MASTER/U_ICON_INTERFACE/U_CMD7_CTL/ctl_reg[2:0], dbg_hub/inst/BSCANID.u_xsdbm_id/CORE_XSDB.UUT_MASTER/U_ICON_INTERFACE/U_CMD7_CTL/ctl_reg_en_2[1], dbg_hub/inst/BSCANID.u_xsdbm_id/CORE_XSDB.UUT_MASTER/U_ICON_INTERFACE/U_CMD1/ctl_reg_en_2[1], dbg_hub/inst/BSCANID.u_xsdbm_id/SWITCH_N_EXT_BSCAN.bscan_switch/m_bscan_capture[0], dbg_hub/inst/BSCANID.u_xsdbm_id/SWITCH_N_EXT_BSCAN.bscan_switch/m_bscan_drck[0], dbg_hub/inst/BSCANID.u_xsdbm_id/SWITCH_N_EXT_BSCAN.bscan_switch/m_bscan_runtest[0], dbg_hub/inst/BSCANID.u_xsdbm_id/CORE_XSDB.UUT_MASTER/U_ICON_INTERFACE/U_CMD6_RD/U_RD_FIFO/SUBCORE_FIFO.xsdbm_v3_0_0_rdfifo_inst/inst_fifo_gen/gconvfifo.rf/grf.rf/gntv_or_sync_fifo.gl0.rd/gras.rsts/ram_empty_i, dbg_hub/inst/BSCANID.u_xsdbm_id/CORE_XSDB.UUT_MASTER/U_ICON_INTERFACE/U_CMD6_WR/U_WR_FIFO/SUBCORE_FIFO.xsdbm_v3_0_0_wrfifo_inst/inst_fifo_gen/gconvfifo.rf/grf.rf/gntv_or_sync_fifo.gl0.wr/gwas.wsts/ram_full_i, dbg_hub/inst/BSCANID.u_xsdbm_id/CORE_XSDB.UUT_MASTER/U_ICON_INTERFACE/U_CMD6_WR/U_WR_FIFO/SUBCORE_FIFO.xsdbm_v3_0_0_wrfifo_inst/inst_fifo_gen/gconvfifo.rf/grf.rf/rstblk/rd_rst_reg[0], dbg_hub/inst/BSCANID.u_xsdbm_id/SWITCH_N_EXT_BSCAN.bscan_inst/s_bscan_tms, system_i/ila_0/U0/ila_core_inst/u_ila_regs/U_XSDB_SLAVE/s_daddr_o[13], system_i/ila_0/U0/ila_core_inst/u_ila_regs/U_XSDB_SLAVE/s_daddr_o[14], system_i/ila_0/U0/ila_core_inst/u_ila_regs/U_XSDB_SLAVE/s_daddr_o[15], system_i/ila_0/U0/ila_core_inst/u_ila_regs/U_XSDB_SLAVE/s_daddr_o[16]... and (the first 15 of 19 listed).
INFO: [Vivado 12-3199] DRC finished with 0 Errors, 1 Warnings
INFO: [Vivado 12-3200] Please refer to the DRC report (report_drc) for more information.
INFO: [Designutils 20-2272] Running write_bitstream with 8 threads.
Loading data files...
Loading site data...
Loading route data...
Processing options...
Creating bitmap...
Creating bitstream...
Writing bitstream ./system_wrapper.bit...
INFO: [Vivado 12-1842] Bitgen Completed Successfully.
INFO: [Project 1-120] WebTalk data collection is mandatory when using a WebPACK part without a full Vivado license. To see the specific WebTalk data collected for your design, open the usage_statistics_webtalk.html or usage_statistics_webtalk.xml file in the implementation directory.
INFO: [Common 17-83] Releasing license: Implementation
118 Infos, 1 Warnings, 0 Critical Warnings and 0 Errors encountered.
write_bitstream completed successfully
write_bitstream: Time (s): cpu = 00:00:13 ; elapsed = 00:00:13 . Memory (MB): peak = 2606.238 ; gain = 133.434 ; free physical = 13448 ; free virtual = 20042
INFO: [Common 17-206] Exiting Vivado at Sun Nov 28 14:24:49 2021...
