16:22:06 INFO  : Registering command handlers for SDK TCF services
16:22:08 INFO  : Launching XSCT server: xsct -n -interactive /home/lorsi/Desktop/sinewave_generator_ip/sinewave_generator_ip.sdk/temp_xsdb_launch_script.tcl
16:22:10 INFO  : XSCT server has started successfully.
16:22:10 INFO  : Successfully done setting XSCT server connection channel  
16:22:10 INFO  : Successfully done setting SDK workspace  
16:22:10 INFO  : Processing command line option -hwspec /home/lorsi/Desktop/sinewave_generator_ip/sinewave_generator_ip.sdk/system_wrapper.hdf.
17:46:57 INFO  : Connected to target on host '181.47.10.131' and port '3121'.
17:47:32 INFO  : Connected to target on host '181.47.10.131' and port '3121'.
17:48:05 INFO  : Connected to target on host '181.47.10.131' and port '3121'.
17:48:05 WARN  : SDK version '2018.1' doesn't match hw_server version '2019.2'. Some debug features may not work.
17:48:07 INFO  : Jtag cable 'Digilent Arty Z7 003017A4C8ABA' is selected.
17:48:07 INFO  : 'jtag frequency' command is executed.
17:48:07 INFO  : Sourcing of '/home/lorsi/Desktop/sinewave_generator_ip/sinewave_generator_ip.sdk/system_wrapper_hw_platform_0/ps7_init.tcl' is done.
17:48:07 INFO  : Context for 'APU' is selected.
17:48:08 INFO  : System reset is completed.
17:48:11 INFO  : 'after 3000' command is executed.
17:48:11 INFO  : 'targets -set -filter {jtag_cable_name =~ "Digilent Arty Z7 003017A4C8ABA" && level==0} -index 1' command is executed.
17:48:12 INFO  : FPGA configured successfully with bitstream "/home/lorsi/Desktop/sinewave_generator_ip/sinewave_generator_ip.sdk/system_wrapper_hw_platform_0/system_wrapper.bit"
17:48:12 INFO  : Context for 'APU' is selected.
17:48:13 INFO  : Hardware design information is loaded from '/home/lorsi/Desktop/sinewave_generator_ip/sinewave_generator_ip.sdk/system_wrapper_hw_platform_0/system.hdf'.
17:48:13 INFO  : 'configparams force-mem-access 1' command is executed.
17:48:13 INFO  : Context for 'APU' is selected.
17:48:18 INFO  : 'ps7_init' command is executed.
17:48:18 INFO  : 'ps7_post_config' command is executed.
17:48:18 INFO  : Context for processor 'ps7_cortexa9_0' is selected.
17:48:19 INFO  : The application '/home/lorsi/Desktop/sinewave_generator_ip/sinewave_generator_ip.sdk/sinewave_gen/Debug/sinewave_gen.elf' is downloaded to processor 'ps7_cortexa9_0'.
17:48:19 INFO  : 'configparams force-mem-access 0' command is executed.
17:48:19 INFO  : ----------------XSDB Script----------------
connect -url tcp:181.47.10.131:3121
source /home/lorsi/Desktop/sinewave_generator_ip/sinewave_generator_ip.sdk/system_wrapper_hw_platform_0/ps7_init.tcl
targets -set -nocase -filter {name =~"APU*" && jtag_cable_name =~ "Digilent Arty Z7 003017A4C8ABA"} -index 0
rst -system
after 3000
targets -set -filter {jtag_cable_name =~ "Digilent Arty Z7 003017A4C8ABA" && level==0} -index 1
fpga -file /home/lorsi/Desktop/sinewave_generator_ip/sinewave_generator_ip.sdk/system_wrapper_hw_platform_0/system_wrapper.bit
targets -set -nocase -filter {name =~"APU*" && jtag_cable_name =~ "Digilent Arty Z7 003017A4C8ABA"} -index 0
loadhw -hw /home/lorsi/Desktop/sinewave_generator_ip/sinewave_generator_ip.sdk/system_wrapper_hw_platform_0/system.hdf -mem-ranges [list {0x40000000 0xbfffffff}]
configparams force-mem-access 1
targets -set -nocase -filter {name =~"APU*" && jtag_cable_name =~ "Digilent Arty Z7 003017A4C8ABA"} -index 0
ps7_init
ps7_post_config
targets -set -nocase -filter {name =~ "ARM*#0" && jtag_cable_name =~ "Digilent Arty Z7 003017A4C8ABA"} -index 0
dow /home/lorsi/Desktop/sinewave_generator_ip/sinewave_generator_ip.sdk/sinewave_gen/Debug/sinewave_gen.elf
configparams force-mem-access 0
----------------End of Script----------------

17:48:19 INFO  : Memory regions updated for context APU
17:48:19 INFO  : Context for processor 'ps7_cortexa9_0' is selected.
17:48:19 INFO  : 'con' command is executed.
17:48:19 INFO  : ----------------XSDB Script (After Launch)----------------
targets -set -nocase -filter {name =~ "ARM*#0" && jtag_cable_name =~ "Digilent Arty Z7 003017A4C8ABA"} -index 0
con
----------------End of Script----------------

17:48:19 INFO  : Launch script is exported to file '/home/lorsi/Desktop/sinewave_generator_ip/sinewave_generator_ip.sdk/.sdk/launch_scripts/xilinx_c-c++_application_(system_debugger)/system_debugger_using_debug_sinewave_gen.elf_on_local.tcl'
17:51:34 INFO  : Connected to target on host '181.47.10.131' and port '3121'.
17:52:04 INFO  : Disconnected from the channel tcfchan#2.
17:52:05 INFO  : Connected to target on host '181.47.10.131' and port '3121'.
17:52:05 WARN  : SDK version '2018.1' doesn't match hw_server version '2019.2'. Some debug features may not work.
17:52:08 INFO  : Jtag cable 'Digilent Arty Z7 003017A4C8ABA' is selected.
17:52:08 INFO  : 'jtag frequency' command is executed.
17:52:08 INFO  : Sourcing of '/home/lorsi/Desktop/sinewave_generator_ip/sinewave_generator_ip.sdk/system_wrapper_hw_platform_0/ps7_init.tcl' is done.
17:52:08 INFO  : Context for 'APU' is selected.
17:52:08 INFO  : System reset is completed.
17:52:11 INFO  : 'after 3000' command is executed.
17:52:12 INFO  : 'targets -set -filter {jtag_cable_name =~ "Digilent Arty Z7 003017A4C8ABA" && level==0} -index 1' command is executed.
17:52:13 INFO  : FPGA configured successfully with bitstream "/home/lorsi/Desktop/sinewave_generator_ip/sinewave_generator_ip.sdk/system_wrapper_hw_platform_0/system_wrapper.bit"
17:52:13 INFO  : Context for 'APU' is selected.
17:52:15 INFO  : Hardware design information is loaded from '/home/lorsi/Desktop/sinewave_generator_ip/sinewave_generator_ip.sdk/system_wrapper_hw_platform_0/system.hdf'.
17:52:15 INFO  : 'configparams force-mem-access 1' command is executed.
17:52:15 INFO  : Context for 'APU' is selected.
17:52:20 INFO  : 'ps7_init' command is executed.
17:52:21 INFO  : 'ps7_post_config' command is executed.
17:52:21 INFO  : Context for processor 'ps7_cortexa9_0' is selected.
17:52:21 INFO  : The application '/home/lorsi/Desktop/sinewave_generator_ip/sinewave_generator_ip.sdk/sinewave_gen/Debug/sinewave_gen.elf' is downloaded to processor 'ps7_cortexa9_0'.
17:52:21 INFO  : 'configparams force-mem-access 0' command is executed.
17:52:21 INFO  : ----------------XSDB Script----------------
connect -url tcp:181.47.10.131:3121
source /home/lorsi/Desktop/sinewave_generator_ip/sinewave_generator_ip.sdk/system_wrapper_hw_platform_0/ps7_init.tcl
targets -set -nocase -filter {name =~"APU*" && jtag_cable_name =~ "Digilent Arty Z7 003017A4C8ABA"} -index 0
rst -system
after 3000
targets -set -filter {jtag_cable_name =~ "Digilent Arty Z7 003017A4C8ABA" && level==0} -index 1
fpga -file /home/lorsi/Desktop/sinewave_generator_ip/sinewave_generator_ip.sdk/system_wrapper_hw_platform_0/system_wrapper.bit
targets -set -nocase -filter {name =~"APU*" && jtag_cable_name =~ "Digilent Arty Z7 003017A4C8ABA"} -index 0
loadhw -hw /home/lorsi/Desktop/sinewave_generator_ip/sinewave_generator_ip.sdk/system_wrapper_hw_platform_0/system.hdf -mem-ranges [list {0x40000000 0xbfffffff}]
configparams force-mem-access 1
targets -set -nocase -filter {name =~"APU*" && jtag_cable_name =~ "Digilent Arty Z7 003017A4C8ABA"} -index 0
ps7_init
ps7_post_config
targets -set -nocase -filter {name =~ "ARM*#0" && jtag_cable_name =~ "Digilent Arty Z7 003017A4C8ABA"} -index 0
dow /home/lorsi/Desktop/sinewave_generator_ip/sinewave_generator_ip.sdk/sinewave_gen/Debug/sinewave_gen.elf
configparams force-mem-access 0
----------------End of Script----------------

17:52:21 INFO  : Memory regions updated for context APU
17:52:21 INFO  : Context for processor 'ps7_cortexa9_0' is selected.
17:52:21 INFO  : 'con' command is executed.
17:52:21 INFO  : ----------------XSDB Script (After Launch)----------------
targets -set -nocase -filter {name =~ "ARM*#0" && jtag_cable_name =~ "Digilent Arty Z7 003017A4C8ABA"} -index 0
con
----------------End of Script----------------

17:52:21 INFO  : Launch script is exported to file '/home/lorsi/Desktop/sinewave_generator_ip/sinewave_generator_ip.sdk/.sdk/launch_scripts/xilinx_c-c++_application_(system_debugger)/system_debugger_using_debug_sinewave_gen.elf_on_local.tcl'
17:54:16 INFO  : Disconnected from the channel tcfchan#3.
20:27:44 INFO  : Registering command handlers for SDK TCF services
20:27:45 INFO  : Launching XSCT server: xsct -n -interactive /home/lorsi/Desktop/sinewave_generator_ip/sinewave_generator_ip.sdk/temp_xsdb_launch_script.tcl
20:27:46 INFO  : XSCT server has started successfully.
20:27:46 INFO  : Successfully done setting XSCT server connection channel  
20:27:46 INFO  : Successfully done setting SDK workspace  
20:27:46 INFO  : Processing command line option -hwspec /home/lorsi/Desktop/sinewave_generator_ip/sinewave_generator_ip.sdk/system_wrapper.hdf.
20:27:46 INFO  : Checking for hwspec changes in the project system_wrapper_hw_platform_0.
20:32:18 INFO  : Connected to target on host '181.47.10.131' and port '3121'.
20:32:19 WARN  : SDK version '2018.1' doesn't match hw_server version '2019.2'. Some debug features may not work.
20:32:22 INFO  : Jtag cable 'Digilent Arty Z7 003017A4C8ABA' is selected.
20:32:22 INFO  : 'jtag frequency' command is executed.
20:32:22 INFO  : Sourcing of '/home/lorsi/Desktop/sinewave_generator_ip/sinewave_generator_ip.sdk/system_wrapper_hw_platform_0/ps7_init.tcl' is done.
20:32:22 INFO  : Context for 'APU' is selected.
20:32:23 INFO  : System reset is completed.
20:32:26 INFO  : 'after 3000' command is executed.
20:32:26 INFO  : 'targets -set -filter {jtag_cable_name =~ "Digilent Arty Z7 003017A4C8ABA" && level==0} -index 1' command is executed.
20:32:27 INFO  : FPGA configured successfully with bitstream "/home/lorsi/Desktop/sinewave_generator_ip/sinewave_generator_ip.sdk/system_wrapper_hw_platform_0/system_wrapper.bit"
20:32:28 INFO  : Context for 'APU' is selected.
20:32:28 INFO  : Hardware design information is loaded from '/home/lorsi/Desktop/sinewave_generator_ip/sinewave_generator_ip.sdk/system_wrapper_hw_platform_0/system.hdf'.
20:32:28 INFO  : 'configparams force-mem-access 1' command is executed.
20:32:28 INFO  : Context for 'APU' is selected.
20:32:34 INFO  : 'ps7_init' command is executed.
20:32:34 INFO  : 'ps7_post_config' command is executed.
20:32:34 INFO  : Context for processor 'ps7_cortexa9_0' is selected.
20:32:34 INFO  : The application '/home/lorsi/Desktop/sinewave_generator_ip/sinewave_generator_ip.sdk/sinewave_gen/Debug/sinewave_gen.elf' is downloaded to processor 'ps7_cortexa9_0'.
20:32:34 INFO  : 'configparams force-mem-access 0' command is executed.
20:32:34 INFO  : ----------------XSDB Script----------------
connect -url tcp:181.47.10.131:3121
source /home/lorsi/Desktop/sinewave_generator_ip/sinewave_generator_ip.sdk/system_wrapper_hw_platform_0/ps7_init.tcl
targets -set -nocase -filter {name =~"APU*" && jtag_cable_name =~ "Digilent Arty Z7 003017A4C8ABA"} -index 0
rst -system
after 3000
targets -set -filter {jtag_cable_name =~ "Digilent Arty Z7 003017A4C8ABA" && level==0} -index 1
fpga -file /home/lorsi/Desktop/sinewave_generator_ip/sinewave_generator_ip.sdk/system_wrapper_hw_platform_0/system_wrapper.bit
targets -set -nocase -filter {name =~"APU*" && jtag_cable_name =~ "Digilent Arty Z7 003017A4C8ABA"} -index 0
loadhw -hw /home/lorsi/Desktop/sinewave_generator_ip/sinewave_generator_ip.sdk/system_wrapper_hw_platform_0/system.hdf -mem-ranges [list {0x40000000 0xbfffffff}]
configparams force-mem-access 1
targets -set -nocase -filter {name =~"APU*" && jtag_cable_name =~ "Digilent Arty Z7 003017A4C8ABA"} -index 0
ps7_init
ps7_post_config
targets -set -nocase -filter {name =~ "ARM*#0" && jtag_cable_name =~ "Digilent Arty Z7 003017A4C8ABA"} -index 0
dow /home/lorsi/Desktop/sinewave_generator_ip/sinewave_generator_ip.sdk/sinewave_gen/Debug/sinewave_gen.elf
configparams force-mem-access 0
----------------End of Script----------------

20:32:34 INFO  : Memory regions updated for context APU
20:32:35 INFO  : Context for processor 'ps7_cortexa9_0' is selected.
20:32:35 INFO  : 'con' command is executed.
20:32:35 INFO  : ----------------XSDB Script (After Launch)----------------
targets -set -nocase -filter {name =~ "ARM*#0" && jtag_cable_name =~ "Digilent Arty Z7 003017A4C8ABA"} -index 0
con
----------------End of Script----------------

20:32:35 INFO  : Launch script is exported to file '/home/lorsi/Desktop/sinewave_generator_ip/sinewave_generator_ip.sdk/.sdk/launch_scripts/xilinx_c-c++_application_(system_debugger)/system_debugger_using_debug_sinewave_gen.elf_on_local.tcl'
20:33:26 INFO  : Disconnected from the channel tcfchan#1.
20:33:27 INFO  : Connected to target on host '181.47.10.131' and port '3121'.
20:33:27 WARN  : SDK version '2018.1' doesn't match hw_server version '2019.2'. Some debug features may not work.
20:33:30 INFO  : Jtag cable 'Digilent Arty Z7 003017A4C8ABA' is selected.
20:33:30 INFO  : 'jtag frequency' command is executed.
20:33:30 INFO  : Sourcing of '/home/lorsi/Desktop/sinewave_generator_ip/sinewave_generator_ip.sdk/system_wrapper_hw_platform_0/ps7_init.tcl' is done.
20:33:31 INFO  : Context for 'APU' is selected.
20:33:32 INFO  : System reset is completed.
20:33:35 INFO  : 'after 3000' command is executed.
20:33:35 INFO  : 'targets -set -filter {jtag_cable_name =~ "Digilent Arty Z7 003017A4C8ABA" && level==0} -index 1' command is executed.
20:33:38 INFO  : FPGA configured successfully with bitstream "/home/lorsi/Desktop/sinewave_generator_ip/sinewave_generator_ip.sdk/system_wrapper_hw_platform_0/system_wrapper.bit"
20:33:38 INFO  : Context for 'APU' is selected.
20:33:40 INFO  : Hardware design information is loaded from '/home/lorsi/Desktop/sinewave_generator_ip/sinewave_generator_ip.sdk/system_wrapper_hw_platform_0/system.hdf'.
20:33:40 INFO  : 'configparams force-mem-access 1' command is executed.
20:33:40 INFO  : Context for 'APU' is selected.
20:33:46 INFO  : 'ps7_init' command is executed.
20:33:47 INFO  : 'ps7_post_config' command is executed.
20:33:47 INFO  : Context for processor 'ps7_cortexa9_0' is selected.
20:33:47 INFO  : The application '/home/lorsi/Desktop/sinewave_generator_ip/sinewave_generator_ip.sdk/sinewave_gen/Debug/sinewave_gen.elf' is downloaded to processor 'ps7_cortexa9_0'.
20:33:47 INFO  : 'configparams force-mem-access 0' command is executed.
20:33:47 INFO  : ----------------XSDB Script----------------
connect -url tcp:181.47.10.131:3121
source /home/lorsi/Desktop/sinewave_generator_ip/sinewave_generator_ip.sdk/system_wrapper_hw_platform_0/ps7_init.tcl
targets -set -nocase -filter {name =~"APU*" && jtag_cable_name =~ "Digilent Arty Z7 003017A4C8ABA"} -index 0
rst -system
after 3000
targets -set -filter {jtag_cable_name =~ "Digilent Arty Z7 003017A4C8ABA" && level==0} -index 1
fpga -file /home/lorsi/Desktop/sinewave_generator_ip/sinewave_generator_ip.sdk/system_wrapper_hw_platform_0/system_wrapper.bit
targets -set -nocase -filter {name =~"APU*" && jtag_cable_name =~ "Digilent Arty Z7 003017A4C8ABA"} -index 0
loadhw -hw /home/lorsi/Desktop/sinewave_generator_ip/sinewave_generator_ip.sdk/system_wrapper_hw_platform_0/system.hdf -mem-ranges [list {0x40000000 0xbfffffff}]
configparams force-mem-access 1
targets -set -nocase -filter {name =~"APU*" && jtag_cable_name =~ "Digilent Arty Z7 003017A4C8ABA"} -index 0
ps7_init
ps7_post_config
targets -set -nocase -filter {name =~ "ARM*#0" && jtag_cable_name =~ "Digilent Arty Z7 003017A4C8ABA"} -index 0
dow /home/lorsi/Desktop/sinewave_generator_ip/sinewave_generator_ip.sdk/sinewave_gen/Debug/sinewave_gen.elf
configparams force-mem-access 0
----------------End of Script----------------

20:33:47 INFO  : Memory regions updated for context APU
20:33:47 INFO  : Context for processor 'ps7_cortexa9_0' is selected.
20:33:47 INFO  : 'con' command is executed.
20:33:47 INFO  : ----------------XSDB Script (After Launch)----------------
targets -set -nocase -filter {name =~ "ARM*#0" && jtag_cable_name =~ "Digilent Arty Z7 003017A4C8ABA"} -index 0
con
----------------End of Script----------------

20:33:47 INFO  : Launch script is exported to file '/home/lorsi/Desktop/sinewave_generator_ip/sinewave_generator_ip.sdk/.sdk/launch_scripts/xilinx_c-c++_application_(system_debugger)/system_debugger_using_debug_sinewave_gen.elf_on_local.tcl'
20:35:03 INFO  : Disconnected from the channel tcfchan#2.
20:35:04 INFO  : Connected to target on host '181.47.10.131' and port '3121'.
20:35:04 WARN  : SDK version '2018.1' doesn't match hw_server version '2019.2'. Some debug features may not work.
20:35:12 INFO  : Jtag cable 'Digilent Arty Z7 003017A4C8ABA' is selected.
20:35:12 INFO  : 'jtag frequency' command is executed.
20:35:12 INFO  : Sourcing of '/home/lorsi/Desktop/sinewave_generator_ip/sinewave_generator_ip.sdk/system_wrapper_hw_platform_0/ps7_init.tcl' is done.
20:35:12 INFO  : Context for 'APU' is selected.
20:35:12 INFO  : System reset is completed.
20:35:15 INFO  : 'after 3000' command is executed.
20:35:15 INFO  : 'targets -set -filter {jtag_cable_name =~ "Digilent Arty Z7 003017A4C8ABA" && level==0} -index 1' command is executed.
20:35:17 INFO  : FPGA configured successfully with bitstream "/home/lorsi/Desktop/sinewave_generator_ip/sinewave_generator_ip.sdk/system_wrapper_hw_platform_0/system_wrapper.bit"
20:35:17 INFO  : Context for 'APU' is selected.
20:35:19 INFO  : Hardware design information is loaded from '/home/lorsi/Desktop/sinewave_generator_ip/sinewave_generator_ip.sdk/system_wrapper_hw_platform_0/system.hdf'.
20:35:19 INFO  : 'configparams force-mem-access 1' command is executed.
20:35:19 INFO  : Context for 'APU' is selected.
20:35:24 INFO  : 'ps7_init' command is executed.
20:35:24 INFO  : 'ps7_post_config' command is executed.
20:35:24 INFO  : Context for processor 'ps7_cortexa9_0' is selected.
20:35:25 INFO  : The application '/home/lorsi/Desktop/sinewave_generator_ip/sinewave_generator_ip.sdk/sinewave_gen/Debug/sinewave_gen.elf' is downloaded to processor 'ps7_cortexa9_0'.
20:35:25 INFO  : 'configparams force-mem-access 0' command is executed.
20:35:25 INFO  : ----------------XSDB Script----------------
connect -url tcp:181.47.10.131:3121
source /home/lorsi/Desktop/sinewave_generator_ip/sinewave_generator_ip.sdk/system_wrapper_hw_platform_0/ps7_init.tcl
targets -set -nocase -filter {name =~"APU*" && jtag_cable_name =~ "Digilent Arty Z7 003017A4C8ABA"} -index 0
rst -system
after 3000
targets -set -filter {jtag_cable_name =~ "Digilent Arty Z7 003017A4C8ABA" && level==0} -index 1
fpga -file /home/lorsi/Desktop/sinewave_generator_ip/sinewave_generator_ip.sdk/system_wrapper_hw_platform_0/system_wrapper.bit
targets -set -nocase -filter {name =~"APU*" && jtag_cable_name =~ "Digilent Arty Z7 003017A4C8ABA"} -index 0
loadhw -hw /home/lorsi/Desktop/sinewave_generator_ip/sinewave_generator_ip.sdk/system_wrapper_hw_platform_0/system.hdf -mem-ranges [list {0x40000000 0xbfffffff}]
configparams force-mem-access 1
targets -set -nocase -filter {name =~"APU*" && jtag_cable_name =~ "Digilent Arty Z7 003017A4C8ABA"} -index 0
ps7_init
ps7_post_config
targets -set -nocase -filter {name =~ "ARM*#0" && jtag_cable_name =~ "Digilent Arty Z7 003017A4C8ABA"} -index 0
dow /home/lorsi/Desktop/sinewave_generator_ip/sinewave_generator_ip.sdk/sinewave_gen/Debug/sinewave_gen.elf
configparams force-mem-access 0
----------------End of Script----------------

20:35:25 INFO  : Memory regions updated for context APU
20:35:25 INFO  : Context for processor 'ps7_cortexa9_0' is selected.
20:35:25 INFO  : 'con' command is executed.
20:35:25 INFO  : ----------------XSDB Script (After Launch)----------------
targets -set -nocase -filter {name =~ "ARM*#0" && jtag_cable_name =~ "Digilent Arty Z7 003017A4C8ABA"} -index 0
con
----------------End of Script----------------

20:35:25 INFO  : Launch script is exported to file '/home/lorsi/Desktop/sinewave_generator_ip/sinewave_generator_ip.sdk/.sdk/launch_scripts/xilinx_c-c++_application_(system_debugger)/system_debugger_using_debug_sinewave_gen.elf_on_local.tcl'
20:36:17 INFO  : Disconnected from the channel tcfchan#3.
20:36:18 INFO  : Connected to target on host '181.47.10.131' and port '3121'.
20:36:18 WARN  : SDK version '2018.1' doesn't match hw_server version '2019.2'. Some debug features may not work.
20:36:19 INFO  : Jtag cable 'Digilent Arty Z7 003017A4C8ABA' is selected.
20:36:19 INFO  : 'jtag frequency' command is executed.
20:36:19 INFO  : Sourcing of '/home/lorsi/Desktop/sinewave_generator_ip/sinewave_generator_ip.sdk/system_wrapper_hw_platform_0/ps7_init.tcl' is done.
20:36:20 INFO  : Context for 'APU' is selected.
20:36:20 INFO  : System reset is completed.
20:36:23 INFO  : 'after 3000' command is executed.
20:36:23 INFO  : 'targets -set -filter {jtag_cable_name =~ "Digilent Arty Z7 003017A4C8ABA" && level==0} -index 1' command is executed.
20:36:25 INFO  : FPGA configured successfully with bitstream "/home/lorsi/Desktop/sinewave_generator_ip/sinewave_generator_ip.sdk/system_wrapper_hw_platform_0/system_wrapper.bit"
20:36:25 INFO  : Context for 'APU' is selected.
20:36:26 INFO  : Hardware design information is loaded from '/home/lorsi/Desktop/sinewave_generator_ip/sinewave_generator_ip.sdk/system_wrapper_hw_platform_0/system.hdf'.
20:36:26 INFO  : 'configparams force-mem-access 1' command is executed.
20:36:26 INFO  : Context for 'APU' is selected.
20:36:33 INFO  : 'ps7_init' command is executed.
20:36:33 INFO  : 'ps7_post_config' command is executed.
20:36:33 INFO  : Context for processor 'ps7_cortexa9_0' is selected.
20:36:33 INFO  : The application '/home/lorsi/Desktop/sinewave_generator_ip/sinewave_generator_ip.sdk/sinewave_gen/Debug/sinewave_gen.elf' is downloaded to processor 'ps7_cortexa9_0'.
20:36:33 INFO  : 'configparams force-mem-access 0' command is executed.
20:36:33 INFO  : ----------------XSDB Script----------------
connect -url tcp:181.47.10.131:3121
source /home/lorsi/Desktop/sinewave_generator_ip/sinewave_generator_ip.sdk/system_wrapper_hw_platform_0/ps7_init.tcl
targets -set -nocase -filter {name =~"APU*" && jtag_cable_name =~ "Digilent Arty Z7 003017A4C8ABA"} -index 0
rst -system
after 3000
targets -set -filter {jtag_cable_name =~ "Digilent Arty Z7 003017A4C8ABA" && level==0} -index 1
fpga -file /home/lorsi/Desktop/sinewave_generator_ip/sinewave_generator_ip.sdk/system_wrapper_hw_platform_0/system_wrapper.bit
targets -set -nocase -filter {name =~"APU*" && jtag_cable_name =~ "Digilent Arty Z7 003017A4C8ABA"} -index 0
loadhw -hw /home/lorsi/Desktop/sinewave_generator_ip/sinewave_generator_ip.sdk/system_wrapper_hw_platform_0/system.hdf -mem-ranges [list {0x40000000 0xbfffffff}]
configparams force-mem-access 1
targets -set -nocase -filter {name =~"APU*" && jtag_cable_name =~ "Digilent Arty Z7 003017A4C8ABA"} -index 0
ps7_init
ps7_post_config
targets -set -nocase -filter {name =~ "ARM*#0" && jtag_cable_name =~ "Digilent Arty Z7 003017A4C8ABA"} -index 0
dow /home/lorsi/Desktop/sinewave_generator_ip/sinewave_generator_ip.sdk/sinewave_gen/Debug/sinewave_gen.elf
configparams force-mem-access 0
----------------End of Script----------------

20:36:33 INFO  : Memory regions updated for context APU
20:36:34 INFO  : Context for processor 'ps7_cortexa9_0' is selected.
20:36:34 INFO  : 'con' command is executed.
20:36:34 INFO  : ----------------XSDB Script (After Launch)----------------
targets -set -nocase -filter {name =~ "ARM*#0" && jtag_cable_name =~ "Digilent Arty Z7 003017A4C8ABA"} -index 0
con
----------------End of Script----------------

20:36:34 INFO  : Launch script is exported to file '/home/lorsi/Desktop/sinewave_generator_ip/sinewave_generator_ip.sdk/.sdk/launch_scripts/xilinx_c-c++_application_(system_debugger)/system_debugger_using_debug_sinewave_gen.elf_on_local.tcl'
20:36:56 INFO  : Disconnected from the channel tcfchan#4.
20:36:58 INFO  : Connected to target on host '181.47.10.131' and port '3121'.
20:36:58 WARN  : SDK version '2018.1' doesn't match hw_server version '2019.2'. Some debug features may not work.
20:37:00 INFO  : Jtag cable 'Digilent Arty Z7 003017A4C8ABA' is selected.
20:37:00 INFO  : 'jtag frequency' command is executed.
20:37:00 INFO  : Sourcing of '/home/lorsi/Desktop/sinewave_generator_ip/sinewave_generator_ip.sdk/system_wrapper_hw_platform_0/ps7_init.tcl' is done.
20:37:00 INFO  : Context for 'APU' is selected.
20:37:00 INFO  : System reset is completed.
20:37:03 INFO  : 'after 3000' command is executed.
20:37:03 INFO  : 'targets -set -filter {jtag_cable_name =~ "Digilent Arty Z7 003017A4C8ABA" && level==0} -index 1' command is executed.
20:37:05 INFO  : FPGA configured successfully with bitstream "/home/lorsi/Desktop/sinewave_generator_ip/sinewave_generator_ip.sdk/system_wrapper_hw_platform_0/system_wrapper.bit"
20:37:05 INFO  : Context for 'APU' is selected.
20:37:07 INFO  : Hardware design information is loaded from '/home/lorsi/Desktop/sinewave_generator_ip/sinewave_generator_ip.sdk/system_wrapper_hw_platform_0/system.hdf'.
20:37:07 INFO  : 'configparams force-mem-access 1' command is executed.
20:37:07 INFO  : Context for 'APU' is selected.
20:37:12 INFO  : 'ps7_init' command is executed.
20:37:13 INFO  : 'ps7_post_config' command is executed.
20:37:13 INFO  : Context for processor 'ps7_cortexa9_0' is selected.
20:37:13 INFO  : The application '/home/lorsi/Desktop/sinewave_generator_ip/sinewave_generator_ip.sdk/sinewave_gen/Debug/sinewave_gen.elf' is downloaded to processor 'ps7_cortexa9_0'.
20:37:13 INFO  : 'configparams force-mem-access 0' command is executed.
20:37:13 INFO  : ----------------XSDB Script----------------
connect -url tcp:181.47.10.131:3121
source /home/lorsi/Desktop/sinewave_generator_ip/sinewave_generator_ip.sdk/system_wrapper_hw_platform_0/ps7_init.tcl
targets -set -nocase -filter {name =~"APU*" && jtag_cable_name =~ "Digilent Arty Z7 003017A4C8ABA"} -index 0
rst -system
after 3000
targets -set -filter {jtag_cable_name =~ "Digilent Arty Z7 003017A4C8ABA" && level==0} -index 1
fpga -file /home/lorsi/Desktop/sinewave_generator_ip/sinewave_generator_ip.sdk/system_wrapper_hw_platform_0/system_wrapper.bit
targets -set -nocase -filter {name =~"APU*" && jtag_cable_name =~ "Digilent Arty Z7 003017A4C8ABA"} -index 0
loadhw -hw /home/lorsi/Desktop/sinewave_generator_ip/sinewave_generator_ip.sdk/system_wrapper_hw_platform_0/system.hdf -mem-ranges [list {0x40000000 0xbfffffff}]
configparams force-mem-access 1
targets -set -nocase -filter {name =~"APU*" && jtag_cable_name =~ "Digilent Arty Z7 003017A4C8ABA"} -index 0
ps7_init
ps7_post_config
targets -set -nocase -filter {name =~ "ARM*#0" && jtag_cable_name =~ "Digilent Arty Z7 003017A4C8ABA"} -index 0
dow /home/lorsi/Desktop/sinewave_generator_ip/sinewave_generator_ip.sdk/sinewave_gen/Debug/sinewave_gen.elf
configparams force-mem-access 0
----------------End of Script----------------

20:37:13 INFO  : Memory regions updated for context APU
20:37:13 INFO  : Context for processor 'ps7_cortexa9_0' is selected.
20:37:13 INFO  : 'con' command is executed.
20:37:13 INFO  : ----------------XSDB Script (After Launch)----------------
targets -set -nocase -filter {name =~ "ARM*#0" && jtag_cable_name =~ "Digilent Arty Z7 003017A4C8ABA"} -index 0
con
----------------End of Script----------------

20:37:13 INFO  : Launch script is exported to file '/home/lorsi/Desktop/sinewave_generator_ip/sinewave_generator_ip.sdk/.sdk/launch_scripts/xilinx_c-c++_application_(system_debugger)/system_debugger_using_debug_sinewave_gen.elf_on_local.tcl'
20:40:12 INFO  : Disconnected from the channel tcfchan#5.
20:40:13 INFO  : Connected to target on host '181.47.10.131' and port '3121'.
20:40:13 WARN  : SDK version '2018.1' doesn't match hw_server version '2019.2'. Some debug features may not work.
20:40:15 INFO  : Jtag cable 'Digilent Arty Z7 003017A4C8ABA' is selected.
20:40:15 INFO  : 'jtag frequency' command is executed.
20:40:15 INFO  : Sourcing of '/home/lorsi/Desktop/sinewave_generator_ip/sinewave_generator_ip.sdk/system_wrapper_hw_platform_0/ps7_init.tcl' is done.
20:40:15 INFO  : Context for 'APU' is selected.
20:40:16 INFO  : System reset is completed.
20:40:19 INFO  : 'after 3000' command is executed.
20:40:19 INFO  : 'targets -set -filter {jtag_cable_name =~ "Digilent Arty Z7 003017A4C8ABA" && level==0} -index 1' command is executed.
20:40:20 INFO  : FPGA configured successfully with bitstream "/home/lorsi/Desktop/sinewave_generator_ip/sinewave_generator_ip.sdk/system_wrapper_hw_platform_0/system_wrapper.bit"
20:40:20 INFO  : Context for 'APU' is selected.
20:40:22 INFO  : Hardware design information is loaded from '/home/lorsi/Desktop/sinewave_generator_ip/sinewave_generator_ip.sdk/system_wrapper_hw_platform_0/system.hdf'.
20:40:22 INFO  : 'configparams force-mem-access 1' command is executed.
20:40:22 INFO  : Context for 'APU' is selected.
20:40:28 INFO  : 'ps7_init' command is executed.
20:40:28 INFO  : 'ps7_post_config' command is executed.
20:40:28 INFO  : Context for processor 'ps7_cortexa9_0' is selected.
20:40:28 INFO  : The application '/home/lorsi/Desktop/sinewave_generator_ip/sinewave_generator_ip.sdk/sinewave_gen/Debug/sinewave_gen.elf' is downloaded to processor 'ps7_cortexa9_0'.
20:40:28 INFO  : 'configparams force-mem-access 0' command is executed.
20:40:28 INFO  : ----------------XSDB Script----------------
connect -url tcp:181.47.10.131:3121
source /home/lorsi/Desktop/sinewave_generator_ip/sinewave_generator_ip.sdk/system_wrapper_hw_platform_0/ps7_init.tcl
targets -set -nocase -filter {name =~"APU*" && jtag_cable_name =~ "Digilent Arty Z7 003017A4C8ABA"} -index 0
rst -system
after 3000
targets -set -filter {jtag_cable_name =~ "Digilent Arty Z7 003017A4C8ABA" && level==0} -index 1
fpga -file /home/lorsi/Desktop/sinewave_generator_ip/sinewave_generator_ip.sdk/system_wrapper_hw_platform_0/system_wrapper.bit
targets -set -nocase -filter {name =~"APU*" && jtag_cable_name =~ "Digilent Arty Z7 003017A4C8ABA"} -index 0
loadhw -hw /home/lorsi/Desktop/sinewave_generator_ip/sinewave_generator_ip.sdk/system_wrapper_hw_platform_0/system.hdf -mem-ranges [list {0x40000000 0xbfffffff}]
configparams force-mem-access 1
targets -set -nocase -filter {name =~"APU*" && jtag_cable_name =~ "Digilent Arty Z7 003017A4C8ABA"} -index 0
ps7_init
ps7_post_config
targets -set -nocase -filter {name =~ "ARM*#0" && jtag_cable_name =~ "Digilent Arty Z7 003017A4C8ABA"} -index 0
dow /home/lorsi/Desktop/sinewave_generator_ip/sinewave_generator_ip.sdk/sinewave_gen/Debug/sinewave_gen.elf
configparams force-mem-access 0
----------------End of Script----------------

20:40:28 INFO  : Memory regions updated for context APU
20:40:29 INFO  : Context for processor 'ps7_cortexa9_0' is selected.
20:40:29 INFO  : 'con' command is executed.
20:40:29 INFO  : ----------------XSDB Script (After Launch)----------------
targets -set -nocase -filter {name =~ "ARM*#0" && jtag_cable_name =~ "Digilent Arty Z7 003017A4C8ABA"} -index 0
con
----------------End of Script----------------

20:40:29 INFO  : Launch script is exported to file '/home/lorsi/Desktop/sinewave_generator_ip/sinewave_generator_ip.sdk/.sdk/launch_scripts/xilinx_c-c++_application_(system_debugger)/system_debugger_using_debug_sinewave_gen.elf_on_local.tcl'
20:48:17 INFO  : Disconnected from the channel tcfchan#6.
